<?xml version="1.0" encoding="UTF-8"?>
<!-- Generated by org.testng.reporters.JUnitReportReporter -->
<testsuite hostname="DESKTOP-5JVS2ET" failures="0" tests="2" name="Tests.AutomationTest" time="21.886" errors="0" timestamp="2021-03-04T14:59:36 EET" skipped="0">
  <testcase classname="Tests.AutomationTest" name="registerTest" time="15.241"/>
  <system-out/>
  <testcase classname="Tests.AutomationTest" name="loginTest" time="6.645"/>
  <system-out/>
</testsuite> <!-- Tests.AutomationTest -->
